# JRE version: Java(TM) SE Runtime Environment (8.0_201-b09) (build 1.8.0_201-b09)
# Java VM: Java HotSpot(TM) 64-Bit Server VM (25.201-b09 mixed mode windows-amd64 compressed oops)
Heap:
 PSYoungGen      total 479232K, used 168327K [0x0000000755600000, 0x0000000776e00000, 0x00000007c0000000)
  eden space 456704K, 36% used [0x0000000755600000,0x000000075fa61ef8,0x0000000771400000)
  from space 22528K, 0% used [0x0000000774200000,0x0000000774200000,0x0000000775800000)
  to   space 17408K, 0% used [0x0000000775d00000,0x0000000775d00000,0x0000000776e00000)
 ParOldGen       total 211968K, used 29946K [0x0000000680200000, 0x000000068d100000, 0x0000000755600000)
  object space 211968K, 14% used [0x0000000680200000,0x0000000681f3eb80,0x000000068d100000)
 Metaspace       used 64152K, capacity 67754K, committed 67968K, reserved 1107968K
  class space    used 9129K, capacity 9791K, committed 9856K, reserved 1048576K
GC Heap History (10 events):
Event: 24.533 GC heap before
{Heap before GC invocations=8 (full 1):
 PSYoungGen      total 307200K, used 133041K [0x0000000755600000, 0x0000000769680000, 0x00000007c0000000)
  eden space 294912K, 41% used [0x0000000755600000,0x000000075cc30b00,0x0000000767600000)
  from space 12288K, 97% used [0x0000000768a80000,0x000000076963bbe8,0x0000000769680000)
  to   space 14848K, 0% used [0x0000000767980000,0x0000000767980000,0x0000000768800000)
 ParOldGen       total 102912K, used 8879K [0x0000000680200000, 0x0000000686680000, 0x0000000755600000)
  object space 102912K, 8% used [0x0000000680200000,0x0000000680aabf70,0x0000000686680000)
 Metaspace       used 34265K, capacity 35920K, committed 36048K, reserved 1081344K
  class space    used 4821K, capacity 5184K, committed 5248K, reserved 1048576K
Event: 24.573 GC heap after
Heap after GC invocations=8 (full 1):
 PSYoungGen      total 313344K, used 14842K [0x0000000755600000, 0x0000000776e00000, 0x00000007c0000000)
  eden space 298496K, 0% used [0x0000000755600000,0x0000000755600000,0x0000000767980000)
  from space 14848K, 99% used [0x0000000767980000,0x00000007687fe910,0x0000000768800000)
  to   space 17408K, 0% used [0x0000000775d00000,0x0000000775d00000,0x0000000776e00000)
 ParOldGen       total 102912K, used 10430K [0x0000000680200000, 0x0000000686680000, 0x0000000755600000)
  object space 102912K, 10% used [0x0000000680200000,0x0000000680c2fa18,0x0000000686680000)
 Metaspace       used 34265K, capacity 35920K, committed 36048K, reserved 1081344K
  class space    used 4821K, capacity 5184K, committed 5248K, reserved 1048576K
}
Event: 24.573 GC heap before
{Heap before GC invocations=9 (full 2):
 PSYoungGen      total 313344K, used 14842K [0x0000000755600000, 0x0000000776e00000, 0x00000007c0000000)
  eden space 298496K, 0% used [0x0000000755600000,0x0000000755600000,0x0000000767980000)
  from space 14848K, 99% used [0x0000000767980000,0x00000007687fe910,0x0000000768800000)
  to   space 17408K, 0% used [0x0000000775d00000,0x0000000775d00000,0x0000000776e00000)
 ParOldGen       total 102912K, used 10430K [0x0000000680200000, 0x0000000686680000, 0x0000000755600000)
  object space 102912K, 10% used [0x0000000680200000,0x0000000680c2fa18,0x0000000686680000)
 Metaspace       used 34265K, capacity 35920K, committed 36048K, reserved 1081344K
  class space    used 4821K, capacity 5184K, committed 5248K, reserved 1048576K
Event: 25.317 GC heap after
Heap after GC invocations=9 (full 2):
 PSYoungGen      total 313344K, used 0K [0x0000000755600000, 0x0000000776e00000, 0x00000007c0000000)
  eden space 298496K, 0% used [0x0000000755600000,0x0000000755600000,0x0000000767980000)
  from space 14848K, 0% used [0x0000000767980000,0x0000000767980000,0x0000000768800000)
  to   space 17408K, 0% used [0x0000000775d00000,0x0000000775d00000,0x0000000776e00000)
 ParOldGen       total 158208K, used 23279K [0x0000000680200000, 0x0000000689c80000, 0x0000000755600000)
  object space 158208K, 14% used [0x0000000680200000,0x00000006818bbfe0,0x0000000689c80000)
 Metaspace       used 34265K, capacity 35920K, committed 36048K, reserved 1081344K
  class space    used 4821K, capacity 5184K, committed 5248K, reserved 1048576K
}
Event: 40.288 GC heap before
{Heap before GC invocations=10 (full 2):
 PSYoungGen      total 313344K, used 298496K [0x0000000755600000, 0x0000000776e00000, 0x00000007c0000000)
  eden space 298496K, 100% used [0x0000000755600000,0x0000000767980000,0x0000000767980000)
  from space 14848K, 0% used [0x0000000767980000,0x0000000767980000,0x0000000768800000)
  to   space 17408K, 0% used [0x0000000775d00000,0x0000000775d00000,0x0000000776e00000)
 ParOldGen       total 158208K, used 23279K [0x0000000680200000, 0x0000000689c80000, 0x0000000755600000)
  object space 158208K, 14% used [0x0000000680200000,0x00000006818bbfe0,0x0000000689c80000)
 Metaspace       used 54706K, capacity 57434K, committed 57472K, reserved 1097728K
  class space    used 7789K, capacity 8313K, committed 8320K, reserved 1048576K
Event: 40.438 GC heap after
Heap after GC invocations=10 (full 2):
 PSYoungGen      total 474112K, used 17379K [0x0000000755600000, 0x0000000776e00000, 0x00000007c0000000)
  eden space 456704K, 0% used [0x0000000755600000,0x0000000755600000,0x0000000771400000)
  from space 17408K, 99% used [0x0000000775d00000,0x0000000776df8d00,0x0000000776e00000)
  to   space 22528K, 0% used [0x0000000774200000,0x0000000774200000,0x0000000775800000)
 ParOldGen       total 158208K, used 31198K [0x0000000680200000, 0x0000000689c80000, 0x0000000755600000)
  object space 158208K, 19% used [0x0000000680200000,0x0000000682077928,0x0000000689c80000)
 Metaspace       used 54706K, capacity 57434K, committed 57472K, reserved 1097728K
  class space    used 7789K, capacity 8313K, committed 8320K, reserved 1048576K
}
Event: 43.263 GC heap before
{Heap before GC invocations=11 (full 2):
 PSYoungGen      total 474112K, used 90305K [0x0000000755600000, 0x0000000776e00000, 0x00000007c0000000)
  eden space 456704K, 15% used [0x0000000755600000,0x0000000759d37758,0x0000000771400000)
  from space 17408K, 99% used [0x0000000775d00000,0x0000000776df8d00,0x0000000776e00000)
  to   space 22528K, 0% used [0x0000000774200000,0x0000000774200000,0x0000000775800000)
 ParOldGen       total 158208K, used 31198K [0x0000000680200000, 0x0000000689c80000, 0x0000000755600000)
  object space 158208K, 19% used [0x0000000680200000,0x0000000682077928,0x0000000689c80000)
 Metaspace       used 57137K, capacity 59946K, committed 60080K, reserved 1101824K
  class space    used 8092K, capacity 8655K, committed 8704K, reserved 1048576K
Event: 43.310 GC heap after
Heap after GC invocations=11 (full 2):
 PSYoungGen      total 479232K, used 12537K [0x0000000755600000, 0x0000000776e00000, 0x00000007c0000000)
  eden space 456704K, 0% used [0x0000000755600000,0x0000000755600000,0x0000000771400000)
  from space 22528K, 55% used [0x0000000774200000,0x0000000774e3e4f0,0x0000000775800000)
  to   space 17408K, 0% used [0x0000000775d00000,0x0000000775d00000,0x0000000776e00000)
 ParOldGen       total 158208K, used 31206K [0x0000000680200000, 0x0000000689c80000, 0x0000000755600000)
  object space 158208K, 19% used [0x0000000680200000,0x0000000682079928,0x0000000689c80000)
 Metaspace       used 57137K, capacity 59946K, committed 60080K, reserved 1101824K
  class space    used 8092K, capacity 8655K, committed 8704K, reserved 1048576K
}
Event: 43.311 GC heap before
{Heap before GC invocations=12 (full 3):
 PSYoungGen      total 479232K, used 12537K [0x0000000755600000, 0x0000000776e00000, 0x00000007c0000000)
  eden space 456704K, 0% used [0x0000000755600000,0x0000000755600000,0x0000000771400000)
  from space 22528K, 55% used [0x0000000774200000,0x0000000774e3e4f0,0x0000000775800000)
  to   space 17408K, 0% used [0x0000000775d00000,0x0000000775d00000,0x0000000776e00000)
 ParOldGen       total 158208K, used 31206K [0x0000000680200000, 0x0000000689c80000, 0x0000000755600000)
  object space 158208K, 19% used [0x0000000680200000,0x0000000682079928,0x0000000689c80000)
 Metaspace       used 57137K, capacity 59946K, committed 60080K, reserved 1101824K
  class space    used 8092K, capacity 8655K, committed 8704K, reserved 1048576K
Event: 44.323 GC heap after
Heap after GC invocations=12 (full 3):
 PSYoungGen      total 479232K, used 0K [0x0000000755600000, 0x0000000776e00000, 0x00000007c0000000)
  eden space 456704K, 0% used [0x0000000755600000,0x0000000755600000,0x0000000771400000)
  from space 22528K, 0% used [0x0000000774200000,0x0000000774200000,0x0000000775800000)
  to   space 17408K, 0% used [0x0000000775d00000,0x0000000775d00000,0x0000000776e00000)
 ParOldGen       total 211968K, used 29946K [0x0000000680200000, 0x000000068d100000, 0x0000000755600000)
  object space 211968K, 14% used [0x0000000680200000,0x0000000681f3eb80,0x000000068d100000)
 Metaspace       used 57137K, capacity 59946K, committed 60080K, reserved 1101824K
  class space    used 8092K, capacity 8655K, committed 8704K, reserved 1048576K
}

